# Logfile created on 2017-10-11 16:59:40 +0900 by logger.rb/54362
W, [2017-10-11T16:59:41.255224 #6915]  WARN -- : DEPRECATION WARNING: Passing strings or symbols to the middleware builder is deprecated, please change
them to actual class references.  For example:

  "ActionDispatch::DebugExceptions" => ActionDispatch::DebugExceptions

 (called from <top (required)> at /Users/son/git/sample-rails/config/environment.rb:5)
W, [2017-10-11T16:59:41.255494 #6915]  WARN -- : DEPRECATION WARNING: Passing strings or symbols to the middleware builder is deprecated, please change
them to actual class references.  For example:

  "Airbrake::Rails::Middleware" => Airbrake::Rails::Middleware

 (called from <top (required)> at /Users/son/git/sample-rails/config/environment.rb:5)
W, [2017-10-11T16:59:41.255653 #6915]  WARN -- : DEPRECATION WARNING: Passing strings or symbols to the middleware builder is deprecated, please change
them to actual class references.  For example:

  "Airbrake::UserInformer" => Airbrake::UserInformer

 (called from <top (required)> at /Users/son/git/sample-rails/config/environment.rb:5)
I, [2017-10-11T17:08:24.957747 #6915]  INFO -- : Started GET "/" for 127.0.0.1 at 2017-10-11 17:08:24 +0900
D, [2017-10-11T17:08:25.652871 #6915] DEBUG -- :   [1m[36mActiveRecord::SchemaMigration Load (1.4ms)[0m  [1m[34mSELECT "schema_migrations".* FROM "schema_migrations"[0m
I, [2017-10-11T17:08:25.690757 #6915]  INFO -- : Processing by ApplicationController#hello as HTML
I, [2017-10-11T17:08:25.729773 #6915]  INFO -- :   Rendering html template
I, [2017-10-11T17:08:25.729973 #6915]  INFO -- :   Rendered html template (0.1ms)
I, [2017-10-11T17:08:25.730391 #6915]  INFO -- : Completed 200 OK in 39ms (Views: 12.3ms | ActiveRecord: 0.0ms)


I, [2017-10-11T17:08:48.298571 #6915]  INFO -- : Started GET "/" for 127.0.0.1 at 2017-10-11 17:08:48 +0900
I, [2017-10-11T17:08:48.299905 #6915]  INFO -- : Processing by ApplicationController#hello as HTML
I, [2017-10-11T17:08:48.310961 #6915]  INFO -- :   Rendering html template
I, [2017-10-11T17:08:48.311264 #6915]  INFO -- :   Rendered html template (0.1ms)
I, [2017-10-11T17:08:48.311715 #6915]  INFO -- : Completed 200 OK in 12ms (Views: 0.7ms | ActiveRecord: 0.0ms)


W, [2017-10-11T17:12:08.480186 #7185]  WARN -- : DEPRECATION WARNING: Passing strings or symbols to the middleware builder is deprecated, please change
them to actual class references.  For example:

  "ActionDispatch::DebugExceptions" => ActionDispatch::DebugExceptions

 (called from <top (required)> at /Users/son/git/sample-rails/config/environment.rb:5)
W, [2017-10-11T17:12:08.481527 #7185]  WARN -- : DEPRECATION WARNING: Passing strings or symbols to the middleware builder is deprecated, please change
them to actual class references.  For example:

  "Airbrake::Rails::Middleware" => Airbrake::Rails::Middleware

 (called from <top (required)> at /Users/son/git/sample-rails/config/environment.rb:5)
W, [2017-10-11T17:12:08.481744 #7185]  WARN -- : DEPRECATION WARNING: Passing strings or symbols to the middleware builder is deprecated, please change
them to actual class references.  For example:

  "Airbrake::UserInformer" => Airbrake::UserInformer

 (called from <top (required)> at /Users/son/git/sample-rails/config/environment.rb:5)
I, [2017-10-11T17:12:26.499762 #7185]  INFO -- : Started GET "/" for 127.0.0.1 at 2017-10-11 17:12:26 +0900
D, [2017-10-11T17:12:26.945417 #7185] DEBUG -- :   [1m[36mActiveRecord::SchemaMigration Load (1.5ms)[0m  [1m[34mSELECT "schema_migrations".* FROM "schema_migrations"[0m
I, [2017-10-11T17:12:26.982747 #7185]  INFO -- : Processing by ApplicationController#hello as HTML
I, [2017-10-11T17:12:27.019514 #7185]  INFO -- :   Rendering html template
I, [2017-10-11T17:12:27.019791 #7185]  INFO -- :   Rendered html template (0.1ms)
I, [2017-10-11T17:12:27.020561 #7185]  INFO -- : Completed 200 OK in 37ms (Views: 13.4ms | ActiveRecord: 0.0ms)


I, [2017-10-11T17:12:40.764420 #7185]  INFO -- : Started GET "/" for 127.0.0.1 at 2017-10-11 17:12:40 +0900
I, [2017-10-11T17:12:40.765744 #7185]  INFO -- : Processing by ApplicationController#hello as HTML
I, [2017-10-11T17:12:40.775667 #7185]  INFO -- :   Rendering html template
I, [2017-10-11T17:12:40.776105 #7185]  INFO -- :   Rendered html template (0.1ms)
I, [2017-10-11T17:12:40.776475 #7185]  INFO -- : Completed 200 OK in 11ms (Views: 1.2ms | ActiveRecord: 0.0ms)


W, [2017-10-11T17:22:28.810822 #7311]  WARN -- : DEPRECATION WARNING: Passing strings or symbols to the middleware builder is deprecated, please change
them to actual class references.  For example:

  "ActionDispatch::DebugExceptions" => ActionDispatch::DebugExceptions

 (called from <top (required)> at /Users/son/git/sample-rails/config/environment.rb:5)
W, [2017-10-11T17:22:28.813225 #7311]  WARN -- : DEPRECATION WARNING: Passing strings or symbols to the middleware builder is deprecated, please change
them to actual class references.  For example:

  "Airbrake::Rails::Middleware" => Airbrake::Rails::Middleware

 (called from <top (required)> at /Users/son/git/sample-rails/config/environment.rb:5)
W, [2017-10-11T17:22:28.813519 #7311]  WARN -- : DEPRECATION WARNING: Passing strings or symbols to the middleware builder is deprecated, please change
them to actual class references.  For example:

  "Airbrake::UserInformer" => Airbrake::UserInformer

 (called from <top (required)> at /Users/son/git/sample-rails/config/environment.rb:5)
I, [2017-10-11T17:22:34.249467 #7311]  INFO -- : Started GET "/" for 127.0.0.1 at 2017-10-11 17:22:34 +0900
D, [2017-10-11T17:22:34.689939 #7311] DEBUG -- :   [1m[36mActiveRecord::SchemaMigration Load (1.3ms)[0m  [1m[34mSELECT "schema_migrations".* FROM "schema_migrations"[0m
I, [2017-10-11T17:22:34.743632 #7311]  INFO -- : Processing by ApplicationController#hello as HTML
I, [2017-10-11T17:22:34.796742 #7311]  INFO -- :   Rendering html template
I, [2017-10-11T17:22:34.797258 #7311]  INFO -- :   Rendered html template (0.2ms)
I, [2017-10-11T17:22:34.797969 #7311]  INFO -- : Completed 200 OK in 54ms (Views: 19.6ms | ActiveRecord: 0.0ms)


W, [2017-10-11T17:25:32.527215 #7372]  WARN -- : DEPRECATION WARNING: Passing strings or symbols to the middleware builder is deprecated, please change
them to actual class references.  For example:

  "ActionDispatch::DebugExceptions" => ActionDispatch::DebugExceptions

 (called from <top (required)> at /Users/son/git/sample-rails/config/environment.rb:5)
W, [2017-10-11T17:25:32.529675 #7372]  WARN -- : DEPRECATION WARNING: Passing strings or symbols to the middleware builder is deprecated, please change
them to actual class references.  For example:

  "Airbrake::Rails::Middleware" => Airbrake::Rails::Middleware

 (called from <top (required)> at /Users/son/git/sample-rails/config/environment.rb:5)
W, [2017-10-11T17:25:32.529996 #7372]  WARN -- : DEPRECATION WARNING: Passing strings or symbols to the middleware builder is deprecated, please change
them to actual class references.  For example:

  "Airbrake::UserInformer" => Airbrake::UserInformer

 (called from <top (required)> at /Users/son/git/sample-rails/config/environment.rb:5)
I, [2017-10-11T17:25:44.924996 #7372]  INFO -- : Started GET "/" for 127.0.0.1 at 2017-10-11 17:25:44 +0900
D, [2017-10-11T17:25:45.414476 #7372] DEBUG -- :   [1m[36mActiveRecord::SchemaMigration Load (1.4ms)[0m  [1m[34mSELECT "schema_migrations".* FROM "schema_migrations"[0m
I, [2017-10-11T17:25:45.449092 #7372]  INFO -- : Processing by ApplicationController#hello as HTML
I, [2017-10-11T17:25:45.498614 #7372]  INFO -- :   Rendering html template
I, [2017-10-11T17:25:45.498895 #7372]  INFO -- :   Rendered html template (0.1ms)
I, [2017-10-11T17:25:45.499468 #7372]  INFO -- : Completed 200 OK in 50ms (Views: 16.3ms | ActiveRecord: 0.0ms)


I, [2017-10-11T17:25:50.843015 #7372]  INFO -- : Started GET "/" for 127.0.0.1 at 2017-10-11 17:25:50 +0900
I, [2017-10-11T17:25:50.844369 #7372]  INFO -- : Processing by ApplicationController#hello as HTML
I, [2017-10-11T17:25:50.858442 #7372]  INFO -- :   Rendering html template
I, [2017-10-11T17:25:50.859788 #7372]  INFO -- :   Rendered html template (0.1ms)
I, [2017-10-11T17:25:50.860219 #7372]  INFO -- : Completed 200 OK in 16ms (Views: 2.1ms | ActiveRecord: 0.0ms)


W, [2017-10-11T19:24:41.828707 #8197]  WARN -- : DEPRECATION WARNING: Passing strings or symbols to the middleware builder is deprecated, please change
them to actual class references.  For example:

  "ActionDispatch::DebugExceptions" => ActionDispatch::DebugExceptions

 (called from <top (required)> at /Users/son/git/sample-rails/config/environment.rb:5)
W, [2017-10-11T19:24:41.831015 #8197]  WARN -- : DEPRECATION WARNING: Passing strings or symbols to the middleware builder is deprecated, please change
them to actual class references.  For example:

  "Airbrake::Rails::Middleware" => Airbrake::Rails::Middleware

 (called from <top (required)> at /Users/son/git/sample-rails/config/environment.rb:5)
W, [2017-10-11T19:24:41.831192 #8197]  WARN -- : DEPRECATION WARNING: Passing strings or symbols to the middleware builder is deprecated, please change
them to actual class references.  For example:

  "Airbrake::UserInformer" => Airbrake::UserInformer

 (called from <top (required)> at /Users/son/git/sample-rails/config/environment.rb:5)
I, [2017-10-11T19:24:49.076792 #8197]  INFO -- : GET Started GET "/" for ::1 at 2017-10-11 19:24:49 +0900
D, [2017-10-11T19:24:49.596971 #8197] DEBUG -- : GET   [1m[36mActiveRecord::SchemaMigration Load (1.4ms)[0m  [1m[34mSELECT "schema_migrations".* FROM "schema_migrations"[0m
I, [2017-10-11T19:24:49.634284 #8197]  INFO -- : GET Processing by ApplicationController#hello as HTML
I, [2017-10-11T19:24:49.673836 #8197]  INFO -- : GET   Rendering html template
I, [2017-10-11T19:24:49.674075 #8197]  INFO -- : GET   Rendered html template (0.1ms)
I, [2017-10-11T19:24:49.674492 #8197]  INFO -- : GET Completed 200 OK in 40ms (Views: 15.7ms | ActiveRecord: 0.0ms)


W, [2017-10-11T19:29:59.067784 #8281]  WARN -- : DEPRECATION WARNING: Passing strings or symbols to the middleware builder is deprecated, please change
them to actual class references.  For example:

  "ActionDispatch::DebugExceptions" => ActionDispatch::DebugExceptions

 (called from <top (required)> at /Users/son/git/sample-rails/config/environment.rb:5)
W, [2017-10-11T19:29:59.070088 #8281]  WARN -- : DEPRECATION WARNING: Passing strings or symbols to the middleware builder is deprecated, please change
them to actual class references.  For example:

  "Airbrake::Rails::Middleware" => Airbrake::Rails::Middleware

 (called from <top (required)> at /Users/son/git/sample-rails/config/environment.rb:5)
W, [2017-10-11T19:29:59.070285 #8281]  WARN -- : DEPRECATION WARNING: Passing strings or symbols to the middleware builder is deprecated, please change
them to actual class references.  For example:

  "Airbrake::UserInformer" => Airbrake::UserInformer

 (called from <top (required)> at /Users/son/git/sample-rails/config/environment.rb:5)
I, [2017-10-11T19:30:05.710006 #8281]  INFO -- : XXXX Started GET "/" for ::1 at 2017-10-11 19:30:05 +0900
D, [2017-10-11T19:30:06.136850 #8281] DEBUG -- : XXXX   [1m[36mActiveRecord::SchemaMigration Load (1.2ms)[0m  [1m[34mSELECT "schema_migrations".* FROM "schema_migrations"[0m
I, [2017-10-11T19:30:06.178796 #8281]  INFO -- : XXXX Processing by ApplicationController#hello as HTML
I, [2017-10-11T19:30:06.219455 #8281]  INFO -- : XXXX   Rendering html template
I, [2017-10-11T19:30:06.219762 #8281]  INFO -- : XXXX   Rendered html template (0.1ms)
I, [2017-10-11T19:30:06.220215 #8281]  INFO -- : XXXX Completed 200 OK in 41ms (Views: 13.7ms | ActiveRecord: 0.0ms)


 (called from <top (required)> at /Users/son/git/son-dev/config/environment.rb:5)
DEPRECATION WARNING: Passing strings or symbols to the middleware builder is deprecated, please change
them to actual class references.  For example:

  "ActionDispatch::DebugExceptions" => ActionDispatch::DebugExceptions

 (called from <top (required)> at /home/nguyen.son/git/sample-rails/config/environment.rb:5)
DEPRECATION WARNING: Passing strings or symbols to the middleware builder is deprecated, please change
them to actual class references.  For example:

  "Airbrake::Rails::Middleware" => Airbrake::Rails::Middleware

 (called from <top (required)> at /home/nguyen.son/git/sample-rails/config/environment.rb:5)
DEPRECATION WARNING: Passing strings or symbols to the middleware builder is deprecated, please change
them to actual class references.  For example:

  "Airbrake::UserInformer" => Airbrake::UserInformer

 (called from <top (required)> at /home/nguyen.son/git/sample-rails/config/environment.rb:5)
DEPRECATION WARNING: Passing strings or symbols to the middleware builder is deprecated, please change
them to actual class references.  For example:

  "ActionDispatch::DebugExceptions" => ActionDispatch::DebugExceptions

 (called from <top (required)> at /home/nguyen.son/git/sample-rails/config/environment.rb:5)
DEPRECATION WARNING: Passing strings or symbols to the middleware builder is deprecated, please change
them to actual class references.  For example:

  "Airbrake::Rails::Middleware" => Airbrake::Rails::Middleware

 (called from <top (required)> at /home/nguyen.son/git/sample-rails/config/environment.rb:5)
DEPRECATION WARNING: Passing strings or symbols to the middleware builder is deprecated, please change
them to actual class references.  For example:

  "Airbrake::UserInformer" => Airbrake::UserInformer

 (called from <top (required)> at /home/nguyen.son/git/sample-rails/config/environment.rb:5)
DEPRECATION WARNING: Passing strings or symbols to the middleware builder is deprecated, please change
them to actual class references.  For example:

  "ActionDispatch::DebugExceptions" => ActionDispatch::DebugExceptions

 (called from <top (required)> at /home/nguyen.son/git/sample-rails/config/environment.rb:5)
DEPRECATION WARNING: Passing strings or symbols to the middleware builder is deprecated, please change
them to actual class references.  For example:

  "Airbrake::Rails::Middleware" => Airbrake::Rails::Middleware

 (called from <top (required)> at /home/nguyen.son/git/sample-rails/config/environment.rb:5)
DEPRECATION WARNING: Passing strings or symbols to the middleware builder is deprecated, please change
them to actual class references.  For example:

  "Airbrake::UserInformer" => Airbrake::UserInformer

 (called from <top (required)> at /home/nguyen.son/git/sample-rails/config/environment.rb:5)
DEPRECATION WARNING: Passing strings or symbols to the middleware builder is deprecated, please change
them to actual class references.  For example:

  "ActionDispatch::DebugExceptions" => ActionDispatch::DebugExceptions

 (called from <top (required)> at /home/nguyen.son/git/sample-rails/config/environment.rb:5)
DEPRECATION WARNING: Passing strings or symbols to the middleware builder is deprecated, please change
them to actual class references.  For example:

  "Airbrake::Rails::Middleware" => Airbrake::Rails::Middleware

 (called from <top (required)> at /home/nguyen.son/git/sample-rails/config/environment.rb:5)
DEPRECATION WARNING: Passing strings or symbols to the middleware builder is deprecated, please change
them to actual class references.  For example:

  "Airbrake::UserInformer" => Airbrake::UserInformer

 (called from <top (required)> at /home/nguyen.son/git/sample-rails/config/environment.rb:5)
DEPRECATION WARNING: Passing strings or symbols to the middleware builder is deprecated, please change
them to actual class references.  For example:

  "ActionDispatch::DebugExceptions" => ActionDispatch::DebugExceptions

 (called from <top (required)> at /home/nguyen.son/git/sample-rails/config/environment.rb:5)
DEPRECATION WARNING: Passing strings or symbols to the middleware builder is deprecated, please change
them to actual class references.  For example:

  "Airbrake::Rails::Middleware" => Airbrake::Rails::Middleware

 (called from <top (required)> at /home/nguyen.son/git/sample-rails/config/environment.rb:5)
DEPRECATION WARNING: Passing strings or symbols to the middleware builder is deprecated, please change
them to actual class references.  For example:

  "Airbrake::UserInformer" => Airbrake::UserInformer

 (called from <top (required)> at /home/nguyen.son/git/sample-rails/config/environment.rb:5)
DEPRECATION WARNING: Passing strings or symbols to the middleware builder is deprecated, please change
them to actual class references.  For example:

  "ActionDispatch::DebugExceptions" => ActionDispatch::DebugExceptions

 (called from <top (required)> at /home/nguyen.son/git/sample-rails/config/environment.rb:5)
DEPRECATION WARNING: Passing strings or symbols to the middleware builder is deprecated, please change
them to actual class references.  For example:

  "Airbrake::Rails::Middleware" => Airbrake::Rails::Middleware

 (called from <top (required)> at /home/nguyen.son/git/sample-rails/config/environment.rb:5)
DEPRECATION WARNING: Passing strings or symbols to the middleware builder is deprecated, please change
them to actual class references.  For example:

  "Airbrake::UserInformer" => Airbrake::UserInformer

 (called from <top (required)> at /home/nguyen.son/git/sample-rails/config/environment.rb:5)
DEPRECATION WARNING: Passing strings or symbols to the middleware builder is deprecated, please change
them to actual class references.  For example:

  "ActionDispatch::DebugExceptions" => ActionDispatch::DebugExceptions

 (called from <top (required)> at /home/nguyen.son/git/sample-rails/config/environment.rb:5)
DEPRECATION WARNING: Passing strings or symbols to the middleware builder is deprecated, please change
them to actual class references.  For example:

  "Airbrake::Rails::Middleware" => Airbrake::Rails::Middleware

 (called from <top (required)> at /home/nguyen.son/git/sample-rails/config/environment.rb:5)
DEPRECATION WARNING: Passing strings or symbols to the middleware builder is deprecated, please change
them to actual class references.  For example:

  "Airbrake::UserInformer" => Airbrake::UserInformer

 (called from <top (required)> at /home/nguyen.son/git/sample-rails/config/environment.rb:5)
Started GET "/" for 39.110.203.172 at 2017-02-20 12:25:06 +0000
Cannot render console from 39.110.203.172! Allowed networks: 127.0.0.1, ::1, 127.0.0.0/127.255.255.255
  [1m[36mActiveRecord::SchemaMigration Load (0.2ms)[0m  [1m[34mSELECT "schema_migrations".* FROM "schema_migrations"[0m
Processing by ApplicationController#hello as HTML
  Rendering html template
  Rendered html template (0.0ms)
Completed 200 OK in 23ms (Views: 15.2ms | ActiveRecord: 0.0ms)


Started GET "/users" for 39.110.203.172 at 2017-02-20 12:25:11 +0000
Cannot render console from 39.110.203.172! Allowed networks: 127.0.0.1, ::1, 127.0.0.0/127.255.255.255
Processing by UsersController#index as HTML
  Rendering users/index.html.erb within layouts/application
  [1m[36mUser Load (0.1ms)[0m  [1m[34mSELECT "users".* FROM "users"[0m
  Rendered users/index.html.erb within layouts/application (3.2ms)
Completed 200 OK in 594ms (Views: 590.1ms | ActiveRecord: 0.3ms)


Started GET "/users/new" for 39.110.203.172 at 2017-02-20 12:25:27 +0000
Cannot render console from 39.110.203.172! Allowed networks: 127.0.0.1, ::1, 127.0.0.0/127.255.255.255
Processing by UsersController#new as HTML
  Rendering users/new.html.erb within layouts/application
  Rendered users/_form.html.erb (17.9ms)
  Rendered users/new.html.erb within layouts/application (18.9ms)
Completed 200 OK in 64ms (Views: 58.9ms | ActiveRecord: 0.4ms)


Started POST "/users" for 39.110.203.172 at 2017-02-20 12:25:32 +0000
Cannot render console from 39.110.203.172! Allowed networks: 127.0.0.1, ::1, 127.0.0.0/127.255.255.255
Processing by UsersController#create as HTML
  Parameters: {"utf8"=>"✓", "authenticity_token"=>"GEafCszyyGN68/6OcEogTzgDvYjYZrvZkVOFKoRtqWXKsT5y+SvZZ0QPytJ66c8BFrQBjx8vtT5P8+/bK90hqg==", "user"=>{"name"=>"Son ", "email"=>"son@gmail.com"}, "commit"=>"Create User"}
Completed 500 Internal Server Error in 3ms (ActiveRecord: 0.0ms)


** [Airbrake] Success: Net::HTTPOK
** [Airbrake] Environment Info: [Ruby: 2.3.1] [Rails: 5.0.0.1] [Env: staging]
** [Airbrake] Response from Airbrake: 
UUID: 58aae03cd9d1af0fcb000040
URL:  http://errbit.finc.co.jp/locate/58aae03cd9d1af0fcb000040
DEPRECATION WARNING: Passing strings or symbols to the middleware builder is deprecated, please change
them to actual class references.  For example:

  "ActionDispatch::DebugExceptions" => ActionDispatch::DebugExceptions

 (called from <top (required)> at /home/nguyen.son/git/sample-rails/config/environment.rb:5)
DEPRECATION WARNING: Passing strings or symbols to the middleware builder is deprecated, please change
them to actual class references.  For example:

  "Airbrake::Rails::Middleware" => Airbrake::Rails::Middleware

 (called from <top (required)> at /home/nguyen.son/git/sample-rails/config/environment.rb:5)
DEPRECATION WARNING: Passing strings or symbols to the middleware builder is deprecated, please change
them to actual class references.  For example:

  "Airbrake::UserInformer" => Airbrake::UserInformer

 (called from <top (required)> at /home/nguyen.son/git/sample-rails/config/environment.rb:5)
DEPRECATION WARNING: Passing strings or symbols to the middleware builder is deprecated, please change
them to actual class references.  For example:

  "ActionDispatch::DebugExceptions" => ActionDispatch::DebugExceptions

 (called from <top (required)> at /home/nguyen.son/git/sample-rails/config/environment.rb:5)
DEPRECATION WARNING: Passing strings or symbols to the middleware builder is deprecated, please change
them to actual class references.  For example:

  "Airbrake::Rails::Middleware" => Airbrake::Rails::Middleware

 (called from <top (required)> at /home/nguyen.son/git/sample-rails/config/environment.rb:5)
DEPRECATION WARNING: Passing strings or symbols to the middleware builder is deprecated, please change
them to actual class references.  For example:

  "Airbrake::UserInformer" => Airbrake::UserInformer

 (called from <top (required)> at /home/nguyen.son/git/sample-rails/config/environment.rb:5)
  [1m[36mActiveRecord::SchemaMigration Load (0.1ms)[0m  [1m[34mSELECT "schema_migrations".* FROM "schema_migrations"[0m
  [1m[36mActiveRecord::InternalMetadata Load (0.1ms)[0m  [1m[34mSELECT  "ar_internal_metadata".* FROM "ar_internal_metadata" WHERE "ar_internal_metadata"."key" = ? LIMIT ?[0m  [["key", :environment], ["LIMIT", 1]]
  [1m[35m (0.1ms)[0m  [1m[36mbegin transaction[0m
  [1m[35m (0.0ms)[0m  [1m[36mcommit transaction[0m
  [1m[36mActiveRecord::SchemaMigration Load (0.0ms)[0m  [1m[34mSELECT "schema_migrations".* FROM "schema_migrations"[0m
DEPRECATION WARNING: Passing strings or symbols to the middleware builder is deprecated, please change
them to actual class references.  For example:

  "ActionDispatch::DebugExceptions" => ActionDispatch::DebugExceptions

 (called from <top (required)> at /home/nguyen.son/git/sample-rails/config/environment.rb:5)
DEPRECATION WARNING: Passing strings or symbols to the middleware builder is deprecated, please change
them to actual class references.  For example:

  "Airbrake::Rails::Middleware" => Airbrake::Rails::Middleware

 (called from <top (required)> at /home/nguyen.son/git/sample-rails/config/environment.rb:5)
DEPRECATION WARNING: Passing strings or symbols to the middleware builder is deprecated, please change
them to actual class references.  For example:

  "Airbrake::UserInformer" => Airbrake::UserInformer

 (called from <top (required)> at /home/nguyen.son/git/sample-rails/config/environment.rb:5)
  [1m[36mActiveRecord::SchemaMigration Load (0.1ms)[0m  [1m[34mSELECT "schema_migrations".* FROM "schema_migrations"[0m
  [1m[36mActiveRecord::InternalMetadata Load (0.1ms)[0m  [1m[34mSELECT  "ar_internal_metadata".* FROM "ar_internal_metadata" WHERE "ar_internal_metadata"."key" = ? LIMIT ?[0m  [["key", :environment], ["LIMIT", 1]]
  [1m[35m (0.1ms)[0m  [1m[36mbegin transaction[0m
  [1m[35m (0.1ms)[0m  [1m[36mcommit transaction[0m
  [1m[36mActiveRecord::SchemaMigration Load (0.0ms)[0m  [1m[34mSELECT "schema_migrations".* FROM "schema_migrations"[0m
