DEPRECATION WARNING: Passing strings or symbols to the middleware builder is deprecated, please change
them to actual class references.  For example:

  "ActionDispatch::DebugExceptions" => ActionDispatch::DebugExceptions

 (called from <top (required)> at /home/nguyen.son/git/sample-rails/config/environment.rb:5)
DEPRECATION WARNING: Passing strings or symbols to the middleware builder is deprecated, please change
them to actual class references.  For example:

  "Airbrake::Rails::Middleware" => Airbrake::Rails::Middleware

 (called from <top (required)> at /home/nguyen.son/git/sample-rails/config/environment.rb:5)
DEPRECATION WARNING: Passing strings or symbols to the middleware builder is deprecated, please change
them to actual class references.  For example:

  "Airbrake::UserInformer" => Airbrake::UserInformer

 (called from <top (required)> at /home/nguyen.son/git/sample-rails/config/environment.rb:5)
DEPRECATION WARNING: You didn't set `secret_key_base`. Read the upgrade documentation to learn more about this new config option. (called from validate_secret_key_config! at /home/nguyen.son/.rvm/gems/ruby-2.3.1/gems/railties-5.0.0.1/lib/rails/application.rb:509)
DEPRECATION WARNING: You didn't set `secret_key_base`. Read the upgrade documentation to learn more about this new config option. (called from validate_secret_key_config! at /home/nguyen.son/.rvm/gems/ruby-2.3.1/gems/railties-5.0.0.1/lib/rails/application.rb:509)
DEPRECATION WARNING: Passing strings or symbols to the middleware builder is deprecated, please change
them to actual class references.  For example:

  "ActionDispatch::DebugExceptions" => ActionDispatch::DebugExceptions

 (called from <top (required)> at /home/nguyen.son/git/sample-rails/config/environment.rb:5)
DEPRECATION WARNING: Passing strings or symbols to the middleware builder is deprecated, please change
them to actual class references.  For example:

  "Airbrake::Rails::Middleware" => Airbrake::Rails::Middleware

 (called from <top (required)> at /home/nguyen.son/git/sample-rails/config/environment.rb:5)
DEPRECATION WARNING: Passing strings or symbols to the middleware builder is deprecated, please change
them to actual class references.  For example:

  "Airbrake::UserInformer" => Airbrake::UserInformer

 (called from <top (required)> at /home/nguyen.son/git/sample-rails/config/environment.rb:5)
Started GET "/users" for 39.110.203.172 at 2017-02-20 12:43:53 +0000
** [Airbrake] Success: Net::HTTPOK
** [Airbrake] Environment Info: [Ruby: 2.3.1] [Rails: 5.0.0.1] [Env: staging]
** [Airbrake] Response from Airbrake: 
UUID: 58aae489d9d1af0fce00003b
URL:  http://errbit.finc.co.jp/locate/58aae489d9d1af0fce00003b
DEPRECATION WARNING: Passing strings or symbols to the middleware builder is deprecated, please change
them to actual class references.  For example:

  "ActionDispatch::DebugExceptions" => ActionDispatch::DebugExceptions

 (called from <top (required)> at /home/nguyen.son/git/sample-rails/config/environment.rb:5)
DEPRECATION WARNING: Passing strings or symbols to the middleware builder is deprecated, please change
them to actual class references.  For example:

  "Airbrake::Rails::Middleware" => Airbrake::Rails::Middleware

 (called from <top (required)> at /home/nguyen.son/git/sample-rails/config/environment.rb:5)
DEPRECATION WARNING: Passing strings or symbols to the middleware builder is deprecated, please change
them to actual class references.  For example:

  "Airbrake::UserInformer" => Airbrake::UserInformer

 (called from <top (required)> at /home/nguyen.son/git/sample-rails/config/environment.rb:5)
  [1m[35m (7.5ms)[0m  [1m[35mCREATE TABLE "schema_migrations" ("version" varchar NOT NULL PRIMARY KEY)[0m
  [1m[35m (16.6ms)[0m  [1m[35mCREATE TABLE "ar_internal_metadata" ("key" varchar NOT NULL PRIMARY KEY, "value" varchar, "created_at" datetime NOT NULL, "updated_at" datetime NOT NULL)[0m
  [1m[36mActiveRecord::SchemaMigration Load (0.1ms)[0m  [1m[34mSELECT "schema_migrations".* FROM "schema_migrations"[0m
Migrating to CreateUsers (20170215063804)
  [1m[35m (0.0ms)[0m  [1m[36mbegin transaction[0m
  [1m[35m (0.6ms)[0m  [1m[35mCREATE TABLE "users" ("id" INTEGER PRIMARY KEY AUTOINCREMENT NOT NULL, "name" varchar, "email" varchar, "created_at" datetime NOT NULL, "updated_at" datetime NOT NULL)[0m
  [1m[35mSQL (0.1ms)[0m  [1m[32mINSERT INTO "schema_migrations" ("version") VALUES (?)[0m  [["version", "20170215063804"]]
  [1m[35m (5.9ms)[0m  [1m[36mcommit transaction[0m
  [1m[36mActiveRecord::InternalMetadata Load (0.1ms)[0m  [1m[34mSELECT  "ar_internal_metadata".* FROM "ar_internal_metadata" WHERE "ar_internal_metadata"."key" = ? LIMIT ?[0m  [["key", :environment], ["LIMIT", 1]]
  [1m[35m (0.0ms)[0m  [1m[36mbegin transaction[0m
  [1m[35mSQL (0.4ms)[0m  [1m[32mINSERT INTO "ar_internal_metadata" ("key", "value", "created_at", "updated_at") VALUES (?, ?, ?, ?)[0m  [["key", "environment"], ["value", "staging"], ["created_at", 2017-02-20 12:44:17 UTC], ["updated_at", 2017-02-20 12:44:17 UTC]]
  [1m[35m (4.9ms)[0m  [1m[36mcommit transaction[0m
  [1m[36mActiveRecord::SchemaMigration Load (0.1ms)[0m  [1m[34mSELECT "schema_migrations".* FROM "schema_migrations"[0m
DEPRECATION WARNING: Passing strings or symbols to the middleware builder is deprecated, please change
them to actual class references.  For example:

  "ActionDispatch::DebugExceptions" => ActionDispatch::DebugExceptions

 (called from <top (required)> at /home/nguyen.son/git/sample-rails/config/environment.rb:5)
DEPRECATION WARNING: Passing strings or symbols to the middleware builder is deprecated, please change
them to actual class references.  For example:

  "Airbrake::Rails::Middleware" => Airbrake::Rails::Middleware

 (called from <top (required)> at /home/nguyen.son/git/sample-rails/config/environment.rb:5)
DEPRECATION WARNING: Passing strings or symbols to the middleware builder is deprecated, please change
them to actual class references.  For example:

  "Airbrake::UserInformer" => Airbrake::UserInformer

 (called from <top (required)> at /home/nguyen.son/git/sample-rails/config/environment.rb:5)
Started GET "/users" for 39.110.203.172 at 2017-02-20 12:44:23 +0000
  [1m[36mActiveRecord::SchemaMigration Load (0.1ms)[0m  [1m[34mSELECT "schema_migrations".* FROM "schema_migrations"[0m
Processing by UsersController#index as HTML
  Rendering users/index.html.erb within layouts/application
  [1m[36mUser Load (0.1ms)[0m  [1m[34mSELECT "users".* FROM "users"[0m
  Rendered users/index.html.erb within layouts/application (4.8ms)
Completed 200 OK in 431ms (Views: 420.9ms | ActiveRecord: 0.3ms)
Started GET "/users/new" for 39.110.203.172 at 2017-02-20 12:44:25 +0000
Processing by UsersController#new as HTML
  Rendering users/new.html.erb within layouts/application
  Rendered users/_form.html.erb (10.6ms)
  Rendered users/new.html.erb within layouts/application (11.6ms)
Completed 200 OK in 50ms (Views: 44.6ms | ActiveRecord: 0.4ms)
Started POST "/users" for 39.110.203.172 at 2017-02-20 12:44:29 +0000
Processing by UsersController#create as HTML
  Parameters: {"utf8"=>"✓", "authenticity_token"=>"U9Ay42518kSSmR8vmga08MNVkB/OhQTAT96FVqqha1JHsUpeXoUi+aKNuti/yAu558e4lOPMgokTBsrWbv6GDw==", "user"=>{"name"=>"Son ", "email"=>"son@gmail.com"}, "commit"=>"Create User"}
Completed 500 Internal Server Error in 3ms (ActiveRecord: 0.0ms)
** [Airbrake] Success: Net::HTTPOK
** [Airbrake] Environment Info: [Ruby: 2.3.1] [Rails: 5.0.0.1] [Env: staging]
** [Airbrake] Response from Airbrake: 
UUID: 58aae4add9d1af0fcb000048
URL:  http://errbit.finc.co.jp/locate/58aae4add9d1af0fcb000048
Started GET "/users" for 39.110.203.172 at 2017-02-20 12:53:07 +0000
Processing by UsersController#index as HTML
  Rendering users/index.html.erb within layouts/application
  [1m[36mUser Load (0.1ms)[0m  [1m[34mSELECT "users".* FROM "users"[0m
  Rendered users/index.html.erb within layouts/application (1.2ms)
Completed 200 OK in 22ms (Views: 20.7ms | ActiveRecord: 0.1ms)
Started GET "/users/new" for 39.110.203.172 at 2017-02-20 12:53:09 +0000
Processing by UsersController#new as HTML
  Rendering users/new.html.erb within layouts/application
  Rendered users/_form.html.erb (2.0ms)
  Rendered users/new.html.erb within layouts/application (2.9ms)
Completed 200 OK in 23ms (Views: 21.9ms | ActiveRecord: 0.0ms)
Started POST "/users" for 39.110.203.172 at 2017-02-20 12:53:13 +0000
Processing by UsersController#create as HTML
  Parameters: {"utf8"=>"✓", "authenticity_token"=>"cgjM81H4z3SikWyJmz2FpNUdbyNe1x2oQGRSGRPzslFmabROYQgfyZKFyX6+8zrt8Y9HqHOem+EcvB2Z16xfDA==", "user"=>{"name"=>"Son ", "email"=>"son@gmail.com"}, "commit"=>"Create User"}
Completed 500 Internal Server Error in 1ms (ActiveRecord: 0.0ms)
** [Airbrake] Success: Net::HTTPOK
** [Airbrake] Environment Info: [Ruby: 2.3.1] [Rails: 5.0.0.1] [Env: staging]
** [Airbrake] Response from Airbrake: 
UUID: 58aae6b9d9d1af0fd000002b
URL:  http://errbit.finc.co.jp/locate/58aae6b9d9d1af0fd000002b
DEPRECATION WARNING: Passing strings or symbols to the middleware builder is deprecated, please change
them to actual class references.  For example:

  "ActionDispatch::DebugExceptions" => ActionDispatch::DebugExceptions

 (called from <top (required)> at /home/nguyen.son/git/sample-rails/config/environment.rb:5)
DEPRECATION WARNING: Passing strings or symbols to the middleware builder is deprecated, please change
them to actual class references.  For example:

  "Airbrake::Rails::Middleware" => Airbrake::Rails::Middleware

 (called from <top (required)> at /home/nguyen.son/git/sample-rails/config/environment.rb:5)
DEPRECATION WARNING: Passing strings or symbols to the middleware builder is deprecated, please change
them to actual class references.  For example:

  "Airbrake::UserInformer" => Airbrake::UserInformer

 (called from <top (required)> at /home/nguyen.son/git/sample-rails/config/environment.rb:5)
Started GET "/users" for 39.110.203.172 at 2017-02-20 12:54:01 +0000
  [1m[36mActiveRecord::SchemaMigration Load (0.2ms)[0m  [1m[34mSELECT "schema_migrations".* FROM "schema_migrations"[0m
Processing by UsersController#index as HTML
  Rendering users/index.html.erb within layouts/application
  [1m[36mUser Load (0.1ms)[0m  [1m[34mSELECT "users".* FROM "users"[0m
  Rendered users/index.html.erb within layouts/application (4.7ms)
Completed 200 OK in 232ms (Views: 221.9ms | ActiveRecord: 0.3ms)
Started GET "/users/new" for 39.110.203.172 at 2017-02-20 12:54:03 +0000
Processing by UsersController#new as HTML
  Rendering users/new.html.erb within layouts/application
  Rendered users/_form.html.erb (10.8ms)
  Rendered users/new.html.erb within layouts/application (11.7ms)
Completed 200 OK in 35ms (Views: 30.0ms | ActiveRecord: 0.4ms)
Started POST "/users" for 39.110.203.172 at 2017-02-20 12:54:08 +0000
Processing by UsersController#create as HTML
  Parameters: {"utf8"=>"✓", "authenticity_token"=>"slitf3B8wGUTGfMuYtjHNxJc+zYnmUx7ozHXj55dEYKmOdXCQIwQ2CMNVtlHFnh+Ns7TvQrQyjL/6ZgPWgL83w==", "user"=>{"name"=>"Son ", "email"=>"son@gmail.com"}, "commit"=>"Create User"}
Completed 500 Internal Server Error in 2ms (ActiveRecord: 0.0ms)
** [Airbrake] Success: Net::HTTPOK
** [Airbrake] Environment Info: [Ruby: 2.3.1] [Rails: 5.0.0.1] [Env: staging]
** [Airbrake] Response from Airbrake: 
UUID: 58aae6f0d9d1af0fcb000049
URL:  http://errbit.finc.co.jp/locate/58aae6f0d9d1af0fcb000049
Started GET "/users" for 39.110.203.172 at 2017-02-20 12:57:27 +0000
Processing by UsersController#index as HTML
  Rendering users/index.html.erb within layouts/application
  [1m[36mUser Load (0.2ms)[0m  [1m[34mSELECT "users".* FROM "users"[0m
  Rendered users/index.html.erb within layouts/application (1.6ms)
Completed 200 OK in 27ms (Views: 25.6ms | ActiveRecord: 0.2ms)
Started GET "/users/new" for 39.110.203.172 at 2017-02-20 12:57:28 +0000
Processing by UsersController#new as HTML
  Rendering users/new.html.erb within layouts/application
  Rendered users/_form.html.erb (2.0ms)
  Rendered users/new.html.erb within layouts/application (2.9ms)
Completed 200 OK in 23ms (Views: 22.2ms | ActiveRecord: 0.0ms)
Started POST "/users" for 39.110.203.172 at 2017-02-20 12:57:46 +0000
Processing by UsersController#create as HTML
  Parameters: {"utf8"=>"✓", "authenticity_token"=>"Lmh5azw1i3BNVR83eWLqqHdkhQxiQOmgrtdPMLrsZCE6CQHWDMVbzX1BusBcrFXhU/ath08Jb+nyDwCwfrOJfA==", "user"=>{"name"=>"Son ", "email"=>"son@gmail.com"}, "commit"=>"Create User"}
Completed 500 Internal Server Error in 2ms (ActiveRecord: 0.0ms)
** [Airbrake] Success: Net::HTTPOK
** [Airbrake] Environment Info: [Ruby: 2.3.1] [Rails: 5.0.0.1] [Env: staging]
** [Airbrake] Response from Airbrake: 
UUID: 58aae7cad9d1af0fd000002c
URL:  http://errbit.finc.co.jp/locate/58aae7cad9d1af0fd000002c
Started GET "/users" for 39.110.203.172 at 2017-02-20 13:01:48 +0000
Processing by UsersController#index as HTML
  Rendering users/index.html.erb within layouts/application
  [1m[36mUser Load (0.1ms)[0m  [1m[34mSELECT "users".* FROM "users"[0m
  Rendered users/index.html.erb within layouts/application (1.1ms)
Completed 200 OK in 18ms (Views: 17.0ms | ActiveRecord: 0.1ms)
Started GET "/users/new" for 39.110.203.172 at 2017-02-20 13:01:50 +0000
Processing by UsersController#new as HTML
  Rendering users/new.html.erb within layouts/application
  Rendered users/_form.html.erb (1.7ms)
  Rendered users/new.html.erb within layouts/application (2.4ms)
Completed 200 OK in 19ms (Views: 18.2ms | ActiveRecord: 0.0ms)
Started GET "/" for 39.110.203.172 at 2017-02-20 13:02:03 +0000
Processing by ApplicationController#hello as HTML
  Rendering html template
  Rendered html template (0.0ms)
Completed 200 OK in 1ms (Views: 1.1ms | ActiveRecord: 0.0ms)
Started GET "/users" for 39.110.203.172 at 2017-02-20 13:02:09 +0000
Processing by UsersController#index as HTML
  Rendering users/index.html.erb within layouts/application
  [1m[36mUser Load (0.1ms)[0m  [1m[34mSELECT "users".* FROM "users"[0m
  Rendered users/index.html.erb within layouts/application (1.1ms)
Completed 200 OK in 18ms (Views: 16.9ms | ActiveRecord: 0.1ms)
Started GET "/users/new" for 39.110.203.172 at 2017-02-20 13:02:14 +0000
Processing by UsersController#new as HTML
  Rendering users/new.html.erb within layouts/application
  Rendered users/_form.html.erb (1.6ms)
  Rendered users/new.html.erb within layouts/application (2.5ms)
Completed 200 OK in 19ms (Views: 18.6ms | ActiveRecord: 0.0ms)
Started POST "/users" for 39.110.203.172 at 2017-02-20 13:02:20 +0000
Processing by UsersController#create as HTML
  Parameters: {"utf8"=>"✓", "authenticity_token"=>"kDiQc0RyfYuSt1rNMOSUHCZPuKl/BTdu6MTfM3uyHs+EWejOdIKtNqKj/zoVKitVAt2QIlJMsSe0HJCzv+3zkg==", "user"=>{"name"=>"Son ", "email"=>"son@gmail.com"}, "commit"=>"Create User"}
Completed 500 Internal Server Error in 1ms (ActiveRecord: 0.0ms)
** [Airbrake] Success: Net::HTTPOK
** [Airbrake] Environment Info: [Ruby: 2.3.1] [Rails: 5.0.0.1] [Env: staging]
** [Airbrake] Response from Airbrake: 
UUID: 58aae8dcd9d1af0fd000004d
URL:  http://errbit.finc.co.jp/locate/58aae8dcd9d1af0fd000004d
Started GET "/users" for 39.110.203.172 at 2017-02-20 13:07:23 +0000
Processing by UsersController#index as HTML
  Rendering users/index.html.erb within layouts/application
  [1m[36mUser Load (0.1ms)[0m  [1m[34mSELECT "users".* FROM "users"[0m
  Rendered users/index.html.erb within layouts/application (1.0ms)
Completed 200 OK in 18ms (Views: 17.3ms | ActiveRecord: 0.1ms)
Started GET "/users/new" for 39.110.203.172 at 2017-02-20 13:07:26 +0000
Processing by UsersController#new as HTML
  Rendering users/new.html.erb within layouts/application
  Rendered users/_form.html.erb (1.6ms)
  Rendered users/new.html.erb within layouts/application (2.5ms)
Completed 200 OK in 26ms (Views: 25.0ms | ActiveRecord: 0.0ms)
Started POST "/users" for 39.110.203.172 at 2017-02-20 13:07:29 +0000
Processing by UsersController#create as HTML
  Parameters: {"utf8"=>"✓", "authenticity_token"=>"nNYi2+qZCx+DXqp67QPyuqwySyTbbLwQ4a5nOQ43KKiIt1pm2mnborNKD43IzU3ziKBjr/YlOlm9dii5ymjF9Q==", "user"=>{"name"=>"Son ", "email"=>"son@gmail.com"}, "commit"=>"Create User"}
Completed 500 Internal Server Error in 1ms (ActiveRecord: 0.0ms)
** [Airbrake] Success: Net::HTTPOK
** [Airbrake] Environment Info: [Ruby: 2.3.1] [Rails: 5.0.0.1] [Env: staging]
** [Airbrake] Response from Airbrake: 
UUID: 58aaea12d9d1af0fce000064
URL:  http://errbit.finc.co.jp/locate/58aaea12d9d1af0fce000064
DEPRECATION WARNING: Passing strings or symbols to the middleware builder is deprecated, please change
them to actual class references.  For example:

  "ActionDispatch::DebugExceptions" => ActionDispatch::DebugExceptions

 (called from <top (required)> at /home/nguyen.son/git/sample-rails/config/environment.rb:5)
DEPRECATION WARNING: Passing strings or symbols to the middleware builder is deprecated, please change
them to actual class references.  For example:

  "Airbrake::Rails::Middleware" => Airbrake::Rails::Middleware

 (called from <top (required)> at /home/nguyen.son/git/sample-rails/config/environment.rb:5)
DEPRECATION WARNING: Passing strings or symbols to the middleware builder is deprecated, please change
them to actual class references.  For example:

  "Airbrake::UserInformer" => Airbrake::UserInformer

 (called from <top (required)> at /home/nguyen.son/git/sample-rails/config/environment.rb:5)
DEPRECATION WARNING: Passing strings or symbols to the middleware builder is deprecated, please change
them to actual class references.  For example:

  "ActionDispatch::DebugExceptions" => ActionDispatch::DebugExceptions

 (called from <top (required)> at /home/nguyen.son/git/sample-rails/config/environment.rb:5)
DEPRECATION WARNING: Passing strings or symbols to the middleware builder is deprecated, please change
them to actual class references.  For example:

  "Airbrake::Rails::Middleware" => Airbrake::Rails::Middleware

 (called from <top (required)> at /home/nguyen.son/git/sample-rails/config/environment.rb:5)
DEPRECATION WARNING: Passing strings or symbols to the middleware builder is deprecated, please change
them to actual class references.  For example:

  "Airbrake::UserInformer" => Airbrake::UserInformer

 (called from <top (required)> at /home/nguyen.son/git/sample-rails/config/environment.rb:5)
Started GET "/users" for 39.110.203.172 at 2017-02-20 13:12:56 +0000
  [1m[36mActiveRecord::SchemaMigration Load (0.1ms)[0m  [1m[34mSELECT "schema_migrations".* FROM "schema_migrations"[0m
Processing by UsersController#index as HTML
  Rendering users/index.html.erb within layouts/application
  [1m[36mUser Load (0.1ms)[0m  [1m[34mSELECT "users".* FROM "users"[0m
  Rendered users/index.html.erb within layouts/application (4.2ms)
Completed 200 OK in 223ms (Views: 213.9ms | ActiveRecord: 0.3ms)
Started GET "/users/new" for 39.110.203.172 at 2017-02-20 13:12:58 +0000
Processing by UsersController#new as HTML
  Rendering users/new.html.erb within layouts/application
  Rendered users/_form.html.erb (10.6ms)
  Rendered users/new.html.erb within layouts/application (11.5ms)
Completed 200 OK in 36ms (Views: 31.2ms | ActiveRecord: 0.4ms)
Started POST "/users" for 39.110.203.172 at 2017-02-20 13:13:02 +0000
Processing by UsersController#create as HTML
  Parameters: {"utf8"=>"✓", "authenticity_token"=>"Yt4dKVVoW56XSFHlIIb6axaRhptimviWEgcJambnD+J2v2WUZZiLI6dc9BIFSEUiMgOuEE/Tft9O30bqorjivw==", "user"=>{"name"=>"Son ", "email"=>"son@gmail.com"}, "commit"=>"Create User"}
Completed 500 Internal Server Error in 2ms (ActiveRecord: 0.0ms)
** [Airbrake] Success: Net::HTTPOK
** [Airbrake] Environment Info: [Ruby: 2.3.1] [Rails: 5.0.0.1] [Env: staging]
** [Airbrake] Response from Airbrake: 
UUID: 58aaeb5ed9d1af0fd0000059
URL:  http://errbit.finc.co.jp/locate/58aaeb5ed9d1af0fd0000059
Started GET "/users" for 39.110.203.172 at 2017-02-20 13:14:41 +0000
Processing by UsersController#index as HTML
  Rendering users/index.html.erb within layouts/application
  [1m[36mUser Load (0.1ms)[0m  [1m[34mSELECT "users".* FROM "users"[0m
  Rendered users/index.html.erb within layouts/application (1.4ms)
Completed 200 OK in 26ms (Views: 25.2ms | ActiveRecord: 0.1ms)
Started GET "/users/new" for 39.110.203.172 at 2017-02-20 13:14:43 +0000
Processing by UsersController#new as HTML
  Rendering users/new.html.erb within layouts/application
  Rendered users/_form.html.erb (1.9ms)
  Rendered users/new.html.erb within layouts/application (2.7ms)
Completed 200 OK in 23ms (Views: 21.5ms | ActiveRecord: 0.0ms)
Started POST "/users" for 39.110.203.172 at 2017-02-20 13:14:46 +0000
Processing by UsersController#create as HTML
  Parameters: {"utf8"=>"✓", "authenticity_token"=>"detm/laR4m2NiBu6jEsrcN60Xb4jGczCt0wlgJOQPRlhih5DZmEy0L2cvk2phZQ5+iZ1NQ5QSovrlGoAV8/QRA==", "user"=>{"name"=>"Son ", "email"=>"son@gmail.com"}, "commit"=>"Create User"}
Completed 500 Internal Server Error in 2ms (ActiveRecord: 0.0ms)
** [Airbrake] Success: Net::HTTPOK
** [Airbrake] Environment Info: [Ruby: 2.3.1] [Rails: 5.0.0.1] [Env: staging]
** [Airbrake] Response from Airbrake: 
UUID: 58aaebc6d9d1af0fce000067
URL:  http://errbit.finc.co.jp/locate/58aaebc6d9d1af0fce000067
